<?xml version="1.0" encoding="UTF-8"?>
<!-- Generated by org.testng.reporters.JUnitReportReporter -->
<testsuite hostname="MaheshGHuddar" failures="0" tests="2" name="testcase.T004_personal" time="6.100" errors="0" timestamp="2024-10-14T23:31:56 IST" skipped="0">
  <testcase classname="testcase.T004_personal" name="personal" time="4.393"/>
  <testcase classname="testcase.T004_personal" name="logincheck" time="1.707"/>
</testsuite> <!-- testcase.T004_personal -->
