<?xml version="1.0" encoding="UTF-8"?>
<!-- Generated by org.testng.reporters.JUnitReportReporter -->
<testsuite hostname="MaheshGHuddar" failures="0" tests="2" name="testcase.T005_exam" time="4.402" errors="0" timestamp="2024-10-14T23:31:56 IST" skipped="0">
  <testcase classname="testcase.T005_exam" name="exam" time="2.454"/>
  <testcase classname="testcase.T005_exam" name="logincheck" time="1.948"/>
</testsuite> <!-- testcase.T005_exam -->
