<?xml version="1.0" encoding="UTF-8"?>
<!-- Generated by org.testng.reporters.JUnitReportReporter -->
<testsuite hostname="MaheshGHuddar" failures="0" tests="2" name="testcase.T002_Dashboard" time="3.511" errors="0" timestamp="2024-10-14T23:31:56 IST" skipped="0">
  <testcase classname="testcase.T002_Dashboard" name="logincheck" time="1.505"/>
  <testcase classname="testcase.T002_Dashboard" name="dashborad" time="2.006"/>
</testsuite> <!-- testcase.T002_Dashboard -->
