<?xml version="1.0" encoding="UTF-8"?>
<!-- Generated by org.testng.reporters.JUnitReportReporter -->
<testsuite hostname="MaheshGHuddar" failures="0" tests="2" name="testcase.T003_students" time="6.642" errors="0" timestamp="2024-10-14T23:31:56 IST" skipped="0">
  <testcase classname="testcase.T003_students" name="student" time="4.711"/>
  <testcase classname="testcase.T003_students" name="logincheck" time="1.931"/>
</testsuite> <!-- testcase.T003_students -->
