<?xml version="1.0" encoding="UTF-8"?>
<!-- Generated by org.testng.reporters.JUnitReportReporter -->
<testsuite hostname="MaheshGHuddar" failures="0" tests="1" name="testcase.T001_logintest" time="1.551" errors="0" timestamp="2024-10-14T23:31:56 IST" skipped="0">
  <testcase classname="testcase.T001_logintest" name="logincheck" time="1.551"/>
</testsuite> <!-- testcase.T001_logintest -->
